writeCommonTags: couldn't write 'year' tag to 'Billie Eilish - Ocean Eyes (Official Music Video)-viimfQi_pUw.m4a' as it's not a positive integer
writeCommonTags: couldn't write 'track' tag to 'Billie Eilish - Ocean Eyes (Official Music Video)-viimfQi_pUw.m4a' as it's not a positive integer
writeCommonTags: couldn't write 'year' tag to 'blackbear - idfc (Lyrics)-PDeTO26fRVQ.m4a' as it's not a positive integer
writeCommonTags: couldn't write 'track' tag to 'blackbear - idfc (Lyrics)-PDeTO26fRVQ.m4a' as it's not a positive integer
writeCommonTags: couldn't write 'year' tag to 'gnash - i hate u, i love u ft. olivia o'brien (music video)-BiQIc7fG9pA.m4a' as it's not a positive integer
writeCommonTags: couldn't write 'track' tag to 'gnash - i hate u, i love u ft. olivia o'brien (music video)-BiQIc7fG9pA.m4a' as it's not a positive integer
writeCommonTags: couldn't write 'year' tag to 'Joyner Lucas - ADHD (official audio)-siiKTqLO0Cc.m4a' as it's not a positive integer
writeCommonTags: couldn't write 'track' tag to 'Joyner Lucas - ADHD (official audio)-siiKTqLO0Cc.m4a' as it's not a positive integer
writeCommonTags: couldn't write 'year' tag to 'Kendrick Lamar - DNA.-NLZRYQMLDW4.m4a' as it's not a positive integer
writeCommonTags: couldn't write 'track' tag to 'Kendrick Lamar - DNA.-NLZRYQMLDW4.m4a' as it's not a positive integer
writeCommonTags: couldn't write 'year' tag to 'Kendrick Lamar - HUMBLE.-tvTRZJ-4EyI.m4a' as it's not a positive integer
writeCommonTags: couldn't write 'track' tag to 'Kendrick Lamar - HUMBLE.-tvTRZJ-4EyI.m4a' as it's not a positive integer
writeCommonTags: couldn't write 'year' tag to 'Kendrick Lamar - LOYALTY. ft. Rihanna-Dlh-dzB2U4Y.m4a' as it's not a positive integer
writeCommonTags: couldn't write 'track' tag to 'Kendrick Lamar - LOYALTY. ft. Rihanna-Dlh-dzB2U4Y.m4a' as it's not a positive integer
writeCommonTags: couldn't write 'year' tag to 'Martin Garrix - Animals (Official Video)-gCYcHz2k5x0.m4a' as it's not a positive integer
writeCommonTags: couldn't write 'track' tag to 'Martin Garrix - Animals (Official Video)-gCYcHz2k5x0.m4a' as it's not a positive integer
writeCommonTags: couldn't write 'year' tag to 'Music for Work and Concentration, Focus Music, Binaural Beats, Study Music for Focus-zzk5ohWYtAU.m4a' as it's not a positive integer
writeCommonTags: couldn't write 'track' tag to 'Music for Work and Concentration, Focus Music, Binaural Beats, Study Music for Focus-zzk5ohWYtAU.m4a' as it's not a positive integer
writeCommonTags: couldn't write 'year' tag to 'Skrillex & Damian 'Jr. Gong' Marley - Make It Bun Dem [OFFICIAL VIDEO]-BGpzGu9Yp6Y.m4a' as it's not a positive integer
writeCommonTags: couldn't write 'track' tag to 'Skrillex & Damian 'Jr. Gong' Marley - Make It Bun Dem [OFFICIAL VIDEO]-BGpzGu9Yp6Y.m4a' as it's not a positive integer
writeCommonTags: couldn't write 'year' tag to 'TroyBoi - Do You-piXRVCRY_ls.m4a' as it's not a positive integer
writeCommonTags: couldn't write 'track' tag to 'TroyBoi - Do You-piXRVCRY_ls.m4a' as it's not a positive integer
writeCommonTags: couldn't write 'year' tag to 'Billie Eilish - Ocean Eyes.m4a' as it's not a positive integer
writeCommonTags: couldn't write 'track' tag to 'Billie Eilish - Ocean Eyes.m4a' as it's not a positive integer
writeCommonTags: couldn't write 'year' tag to 'blackbear - idfc (Lyrics)-PDeTO26fRVQ.m4a' as it's not a positive integer
writeCommonTags: couldn't write 'track' tag to 'blackbear - idfc (Lyrics)-PDeTO26fRVQ.m4a' as it's not a positive integer
writeCommonTags: couldn't write 'year' tag to 'gnash - i hate u, i love u ft. olivia o'brien (music video)-BiQIc7fG9pA.m4a' as it's not a positive integer
writeCommonTags: couldn't write 'track' tag to 'gnash - i hate u, i love u ft. olivia o'brien (music video)-BiQIc7fG9pA.m4a' as it's not a positive integer
writeCommonTags: couldn't write 'year' tag to 'Joyner Lucas - ADHD (official audio)-siiKTqLO0Cc.m4a' as it's not a positive integer
writeCommonTags: couldn't write 'track' tag to 'Joyner Lucas - ADHD (official audio)-siiKTqLO0Cc.m4a' as it's not a positive integer
writeCommonTags: couldn't write 'year' tag to 'Kendrick Lamar - DNA.-NLZRYQMLDW4.m4a' as it's not a positive integer
writeCommonTags: couldn't write 'track' tag to 'Kendrick Lamar - DNA.-NLZRYQMLDW4.m4a' as it's not a positive integer
writeCommonTags: couldn't write 'year' tag to 'Kendrick Lamar - HUMBLE.-tvTRZJ-4EyI.m4a' as it's not a positive integer
writeCommonTags: couldn't write 'track' tag to 'Kendrick Lamar - HUMBLE.-tvTRZJ-4EyI.m4a' as it's not a positive integer
writeCommonTags: couldn't write 'year' tag to 'Kendrick Lamar - LOYALTY. ft. Rihanna-Dlh-dzB2U4Y.m4a' as it's not a positive integer
writeCommonTags: couldn't write 'track' tag to 'Kendrick Lamar - LOYALTY. ft. Rihanna-Dlh-dzB2U4Y.m4a' as it's not a positive integer
writeCommonTags: couldn't write 'year' tag to 'Martin Garrix - Animals (Official Video)-gCYcHz2k5x0.m4a' as it's not a positive integer
writeCommonTags: couldn't write 'track' tag to 'Martin Garrix - Animals (Official Video)-gCYcHz2k5x0.m4a' as it's not a positive integer
writeCommonTags: couldn't write 'year' tag to 'Music for Work and Concentration, Focus Music, Binaural Beats, Study Music for Focus-zzk5ohWYtAU.m4a' as it's not a positive integer
writeCommonTags: couldn't write 'track' tag to 'Music for Work and Concentration, Focus Music, Binaural Beats, Study Music for Focus-zzk5ohWYtAU.m4a' as it's not a positive integer
writeCommonTags: couldn't write 'year' tag to 'Skrillex & Damian 'Jr. Gong' Marley - Make It Bun Dem [OFFICIAL VIDEO]-BGpzGu9Yp6Y.m4a' as it's not a positive integer
writeCommonTags: couldn't write 'track' tag to 'Skrillex & Damian 'Jr. Gong' Marley - Make It Bun Dem [OFFICIAL VIDEO]-BGpzGu9Yp6Y.m4a' as it's not a positive integer
writeCommonTags: couldn't write 'year' tag to 'TroyBoi - Do You-piXRVCRY_ls.m4a' as it's not a positive integer
writeCommonTags: couldn't write 'track' tag to 'TroyBoi - Do You-piXRVCRY_ls.m4a' as it's not a positive integer
writeCommonTags: couldn't write 'year' tag to 'Billie Eilish - Ocean Eyes.m4a' as it's not a positive integer
writeCommonTags: couldn't write 'track' tag to 'Billie Eilish - Ocean Eyes.m4a' as it's not a positive integer
writeCommonTags: couldn't write 'year' tag to 'blackbear - idfc.m4a' as it's not a positive integer
writeCommonTags: couldn't write 'track' tag to 'blackbear - idfc.m4a' as it's not a positive integer
writeCommonTags: couldn't write 'year' tag to 'gnash - i hate u, i love u ft. olivia o'brien (music video)-BiQIc7fG9pA.m4a' as it's not a positive integer
writeCommonTags: couldn't write 'track' tag to 'gnash - i hate u, i love u ft. olivia o'brien (music video)-BiQIc7fG9pA.m4a' as it's not a positive integer
writeCommonTags: couldn't write 'year' tag to 'Joyner Lucas - ADHD (official audio)-siiKTqLO0Cc.m4a' as it's not a positive integer
writeCommonTags: couldn't write 'track' tag to 'Joyner Lucas - ADHD (official audio)-siiKTqLO0Cc.m4a' as it's not a positive integer
writeCommonTags: couldn't write 'year' tag to 'Kendrick Lamar - DNA.m4a' as it's not a positive integer
writeCommonTags: couldn't write 'track' tag to 'Kendrick Lamar - DNA.m4a' as it's not a positive integer
writeCommonTags: couldn't write 'year' tag to 'Kendrick Lamar - HUMBLE.-tvTRZJ-4EyI.m4a' as it's not a positive integer
writeCommonTags: couldn't write 'track' tag to 'Kendrick Lamar - HUMBLE.-tvTRZJ-4EyI.m4a' as it's not a positive integer
writeCommonTags: couldn't write 'year' tag to 'Kendrick Lamar - LOYALTY. ft. Rihanna-Dlh-dzB2U4Y.m4a' as it's not a positive integer
writeCommonTags: couldn't write 'track' tag to 'Kendrick Lamar - LOYALTY. ft. Rihanna-Dlh-dzB2U4Y.m4a' as it's not a positive integer
writeCommonTags: couldn't write 'year' tag to 'Martin Garrix - Animals (Official Video)-gCYcHz2k5x0.m4a' as it's not a positive integer
writeCommonTags: couldn't write 'track' tag to 'Martin Garrix - Animals (Official Video)-gCYcHz2k5x0.m4a' as it's not a positive integer
writeCommonTags: couldn't write 'year' tag to 'Music for Work and Concentration, Focus Music, Binaural Beats, Study Music for Focus-zzk5ohWYtAU.m4a' as it's not a positive integer
writeCommonTags: couldn't write 'track' tag to 'Music for Work and Concentration, Focus Music, Binaural Beats, Study Music for Focus-zzk5ohWYtAU.m4a' as it's not a positive integer
writeCommonTags: couldn't write 'year' tag to 'Skrillex & Damian 'Jr. Gong' Marley - Make It Bun Dem [OFFICIAL VIDEO]-BGpzGu9Yp6Y.m4a' as it's not a positive integer
writeCommonTags: couldn't write 'track' tag to 'Skrillex & Damian 'Jr. Gong' Marley - Make It Bun Dem [OFFICIAL VIDEO]-BGpzGu9Yp6Y.m4a' as it's not a positive integer
writeCommonTags: couldn't write 'year' tag to 'TroyBoi - Do You-piXRVCRY_ls.m4a' as it's not a positive integer
writeCommonTags: couldn't write 'track' tag to 'TroyBoi - Do You-piXRVCRY_ls.m4a' as it's not a positive integer
writeCommonTags: couldn't write 'year' tag to 'Billie Eilish - Ocean Eyes.m4a' as it's not a positive integer
writeCommonTags: couldn't write 'track' tag to 'Billie Eilish - Ocean Eyes.m4a' as it's not a positive integer
writeCommonTags: couldn't write 'year' tag to 'blackbear - idfc.m4a' as it's not a positive integer
writeCommonTags: couldn't write 'track' tag to 'blackbear - idfc.m4a' as it's not a positive integer
writeCommonTags: couldn't write 'year' tag to 'gnash - i hate u, i love u ft. olivia o'brien (music video)-BiQIc7fG9pA.m4a' as it's not a positive integer
writeCommonTags: couldn't write 'track' tag to 'gnash - i hate u, i love u ft. olivia o'brien (music video)-BiQIc7fG9pA.m4a' as it's not a positive integer
writeCommonTags: couldn't write 'year' tag to 'Joyner Lucas - ADHD (official audio)-siiKTqLO0Cc.m4a' as it's not a positive integer
writeCommonTags: couldn't write 'track' tag to 'Joyner Lucas - ADHD (official audio)-siiKTqLO0Cc.m4a' as it's not a positive integer
writeCommonTags: couldn't write 'year' tag to 'Kendrick Lamar - DNA.m4a' as it's not a positive integer
writeCommonTags: couldn't write 'track' tag to 'Kendrick Lamar - DNA.m4a' as it's not a positive integer
writeCommonTags: couldn't write 'year' tag to 'Kendrick Lamar - HUMBLE.-tvTRZJ-4EyI.m4a' as it's not a positive integer
writeCommonTags: couldn't write 'track' tag to 'Kendrick Lamar - HUMBLE.-tvTRZJ-4EyI.m4a' as it's not a positive integer
writeCommonTags: couldn't write 'year' tag to 'Kendrick Lamar - LOYALTY. ft. Rihanna-Dlh-dzB2U4Y.m4a' as it's not a positive integer
writeCommonTags: couldn't write 'track' tag to 'Kendrick Lamar - LOYALTY. ft. Rihanna-Dlh-dzB2U4Y.m4a' as it's not a positive integer
writeCommonTags: couldn't write 'year' tag to 'Martin Garrix - Animals (Official Video)-gCYcHz2k5x0.m4a' as it's not a positive integer
writeCommonTags: couldn't write 'track' tag to 'Martin Garrix - Animals (Official Video)-gCYcHz2k5x0.m4a' as it's not a positive integer
writeCommonTags: couldn't write 'year' tag to 'Music for Work and Concentration, Focus Music, Binaural Beats, Study Music for Focus-zzk5ohWYtAU.m4a' as it's not a positive integer
writeCommonTags: couldn't write 'track' tag to 'Music for Work and Concentration, Focus Music, Binaural Beats, Study Music for Focus-zzk5ohWYtAU.m4a' as it's not a positive integer
writeCommonTags: couldn't write 'year' tag to 'Skrillex & Damian 'Jr. Gong' Marley - Make It Bun Dem [OFFICIAL VIDEO]-BGpzGu9Yp6Y.m4a' as it's not a positive integer
writeCommonTags: couldn't write 'track' tag to 'Skrillex & Damian 'Jr. Gong' Marley - Make It Bun Dem [OFFICIAL VIDEO]-BGpzGu9Yp6Y.m4a' as it's not a positive integer
writeCommonTags: couldn't write 'year' tag to 'TroyBoi - Do You.m4a' as it's not a positive integer
writeCommonTags: couldn't write 'track' tag to 'TroyBoi - Do You.m4a' as it's not a positive integer
writeCommonTags: couldn't write 'year' tag to 'Billie Eilish - Ocean Eyes.m4a' as it's not a positive integer
writeCommonTags: couldn't write 'track' tag to 'Billie Eilish - Ocean Eyes.m4a' as it's not a positive integer
writeCommonTags: couldn't write 'year' tag to 'blackbear - idfc.m4a' as it's not a positive integer
writeCommonTags: couldn't write 'track' tag to 'blackbear - idfc.m4a' as it's not a positive integer
writeCommonTags: couldn't write 'year' tag to 'gnash - i hate u, i love u ft. olivia o'brien (music video)-BiQIc7fG9pA.m4a' as it's not a positive integer
writeCommonTags: couldn't write 'track' tag to 'gnash - i hate u, i love u ft. olivia o'brien (music video)-BiQIc7fG9pA.m4a' as it's not a positive integer
writeCommonTags: couldn't write 'year' tag to 'Joyner Lucas - ADHD.m4a' as it's not a positive integer
writeCommonTags: couldn't write 'track' tag to 'Joyner Lucas - ADHD.m4a' as it's not a positive integer
writeCommonTags: couldn't write 'year' tag to 'Kendrick Lamar - DNA.m4a' as it's not a positive integer
writeCommonTags: couldn't write 'track' tag to 'Kendrick Lamar - DNA.m4a' as it's not a positive integer
writeCommonTags: couldn't write 'year' tag to 'Kendrick Lamar - HUMBLE.-tvTRZJ-4EyI.m4a' as it's not a positive integer
writeCommonTags: couldn't write 'track' tag to 'Kendrick Lamar - HUMBLE.-tvTRZJ-4EyI.m4a' as it's not a positive integer
writeCommonTags: couldn't write 'year' tag to 'Kendrick Lamar - LOYALTY. ft. Rihanna-Dlh-dzB2U4Y.m4a' as it's not a positive integer
writeCommonTags: couldn't write 'track' tag to 'Kendrick Lamar - LOYALTY. ft. Rihanna-Dlh-dzB2U4Y.m4a' as it's not a positive integer
writeCommonTags: couldn't write 'year' tag to 'Martin Garrix - Animals (Official Video)-gCYcHz2k5x0.m4a' as it's not a positive integer
writeCommonTags: couldn't write 'track' tag to 'Martin Garrix - Animals (Official Video)-gCYcHz2k5x0.m4a' as it's not a positive integer
writeCommonTags: couldn't write 'year' tag to 'Music for Work and Concentration, Focus Music, Binaural Beats, Study Music for Focus-zzk5ohWYtAU.m4a' as it's not a positive integer
writeCommonTags: couldn't write 'track' tag to 'Music for Work and Concentration, Focus Music, Binaural Beats, Study Music for Focus-zzk5ohWYtAU.m4a' as it's not a positive integer
writeCommonTags: couldn't write 'year' tag to 'Skrillex & Damian 'Jr. Gong' Marley - Make It Bun Dem [OFFICIAL VIDEO]-BGpzGu9Yp6Y.m4a' as it's not a positive integer
writeCommonTags: couldn't write 'track' tag to 'Skrillex & Damian 'Jr. Gong' Marley - Make It Bun Dem [OFFICIAL VIDEO]-BGpzGu9Yp6Y.m4a' as it's not a positive integer
writeCommonTags: couldn't write 'year' tag to 'TroyBoi - Do You.m4a' as it's not a positive integer
writeCommonTags: couldn't write 'track' tag to 'TroyBoi - Do You.m4a' as it's not a positive integer
writeCommonTags: couldn't write 'year' tag to 'Billie Eilish - Ocean Eyes.m4a' as it's not a positive integer
writeCommonTags: couldn't write 'track' tag to 'Billie Eilish - Ocean Eyes.m4a' as it's not a positive integer
writeCommonTags: couldn't write 'year' tag to 'blackbear - idfc.m4a' as it's not a positive integer
writeCommonTags: couldn't write 'track' tag to 'blackbear - idfc.m4a' as it's not a positive integer
writeCommonTags: couldn't write 'year' tag to 'gnash - i hate u, i love u ft. olivia o'brien (music video)-BiQIc7fG9pA.m4a' as it's not a positive integer
writeCommonTags: couldn't write 'track' tag to 'gnash - i hate u, i love u ft. olivia o'brien (music video)-BiQIc7fG9pA.m4a' as it's not a positive integer
writeCommonTags: couldn't write 'year' tag to 'Joyner Lucas - ADHD.m4a' as it's not a positive integer
writeCommonTags: couldn't write 'track' tag to 'Joyner Lucas - ADHD.m4a' as it's not a positive integer
writeCommonTags: couldn't write 'year' tag to 'Kendrick Lamar - DNA.m4a' as it's not a positive integer
writeCommonTags: couldn't write 'track' tag to 'Kendrick Lamar - DNA.m4a' as it's not a positive integer
writeCommonTags: couldn't write 'year' tag to 'Kendrick Lamar - HUMBLE.m4a' as it's not a positive integer
writeCommonTags: couldn't write 'track' tag to 'Kendrick Lamar - HUMBLE.m4a' as it's not a positive integer
writeCommonTags: couldn't write 'year' tag to 'Kendrick Lamar - LOYALTY. ft. Rihanna-Dlh-dzB2U4Y.m4a' as it's not a positive integer
writeCommonTags: couldn't write 'track' tag to 'Kendrick Lamar - LOYALTY. ft. Rihanna-Dlh-dzB2U4Y.m4a' as it's not a positive integer
writeCommonTags: couldn't write 'year' tag to 'Martin Garrix - Animals.m4a' as it's not a positive integer
writeCommonTags: couldn't write 'track' tag to 'Martin Garrix - Animals.m4a' as it's not a positive integer
writeCommonTags: couldn't write 'year' tag to 'Music for Work and Concentration, Focus Music, Binaural Beats, Study Music for Focus-zzk5ohWYtAU.m4a' as it's not a positive integer
writeCommonTags: couldn't write 'track' tag to 'Music for Work and Concentration, Focus Music, Binaural Beats, Study Music for Focus-zzk5ohWYtAU.m4a' as it's not a positive integer
writeCommonTags: couldn't write 'year' tag to 'Skrillex & Damian 'Jr. Gong' Marley - Make It Bun Dem [OFFICIAL VIDEO]-BGpzGu9Yp6Y.m4a' as it's not a positive integer
writeCommonTags: couldn't write 'track' tag to 'Skrillex & Damian 'Jr. Gong' Marley - Make It Bun Dem [OFFICIAL VIDEO]-BGpzGu9Yp6Y.m4a' as it's not a positive integer
writeCommonTags: couldn't write 'year' tag to 'TroyBoi - Do You.m4a' as it's not a positive integer
writeCommonTags: couldn't write 'track' tag to 'TroyBoi - Do You.m4a' as it's not a positive integer
writeCommonTags: couldn't write 'year' tag to 'Billie Eilish - Ocean Eyes.m4a' as it's not a positive integer
writeCommonTags: couldn't write 'track' tag to 'Billie Eilish - Ocean Eyes.m4a' as it's not a positive integer
writeCommonTags: couldn't write 'year' tag to 'blackbear - idfc.m4a' as it's not a positive integer
writeCommonTags: couldn't write 'track' tag to 'blackbear - idfc.m4a' as it's not a positive integer
writeCommonTags: couldn't write 'year' tag to 'gnash - i hate u, i love u ft. olivia o'brien (music video)-BiQIc7fG9pA.m4a' as it's not a positive integer
writeCommonTags: couldn't write 'track' tag to 'gnash - i hate u, i love u ft. olivia o'brien (music video)-BiQIc7fG9pA.m4a' as it's not a positive integer
writeCommonTags: couldn't write 'year' tag to 'Joyner Lucas - ADHD.m4a' as it's not a positive integer
writeCommonTags: couldn't write 'track' tag to 'Joyner Lucas - ADHD.m4a' as it's not a positive integer
writeCommonTags: couldn't write 'year' tag to 'Kendrick Lamar - DNA.m4a' as it's not a positive integer
writeCommonTags: couldn't write 'track' tag to 'Kendrick Lamar - DNA.m4a' as it's not a positive integer
writeCommonTags: couldn't write 'year' tag to 'Kendrick Lamar - HUMBLE.m4a' as it's not a positive integer
writeCommonTags: couldn't write 'track' tag to 'Kendrick Lamar - HUMBLE.m4a' as it's not a positive integer
writeCommonTags: couldn't write 'year' tag to 'Kendrick Lamar - LOYALTY. ft. Rihanna-Dlh-dzB2U4Y.m4a' as it's not a positive integer
writeCommonTags: couldn't write 'track' tag to 'Kendrick Lamar - LOYALTY. ft. Rihanna-Dlh-dzB2U4Y.m4a' as it's not a positive integer
writeCommonTags: couldn't write 'year' tag to 'Martin Garrix - Animals.m4a' as it's not a positive integer
writeCommonTags: couldn't write 'track' tag to 'Martin Garrix - Animals.m4a' as it's not a positive integer
writeCommonTags: couldn't write 'year' tag to 'Music for Work and Concentration, Focus Music, Binaural Beats, Study Music for Focus-zzk5ohWYtAU.m4a' as it's not a positive integer
writeCommonTags: couldn't write 'track' tag to 'Music for Work and Concentration, Focus Music, Binaural Beats, Study Music for Focus-zzk5ohWYtAU.m4a' as it's not a positive integer
writeCommonTags: couldn't write 'year' tag to 'Skrillex & Damian 'Jr. Gong' Marley - Make It Bun Dem [OFFICIAL VIDEO]-BGpzGu9Yp6Y.m4a' as it's not a positive integer
writeCommonTags: couldn't write 'track' tag to 'Skrillex & Damian 'Jr. Gong' Marley - Make It Bun Dem [OFFICIAL VIDEO]-BGpzGu9Yp6Y.m4a' as it's not a positive integer
writeCommonTags: couldn't write 'year' tag to 'TroyBoi - Do You.m4a' as it's not a positive integer
writeCommonTags: couldn't write 'track' tag to 'TroyBoi - Do You.m4a' as it's not a positive integer
writeCommonTags: couldn't write 'year' tag to 'Billie Eilish - Ocean Eyes.m4a' as it's not a positive integer
writeCommonTags: couldn't write 'track' tag to 'Billie Eilish - Ocean Eyes.m4a' as it's not a positive integer
writeCommonTags: couldn't write 'year' tag to 'blackbear - idfc.m4a' as it's not a positive integer
writeCommonTags: couldn't write 'track' tag to 'blackbear - idfc.m4a' as it's not a positive integer
writeCommonTags: couldn't write 'year' tag to 'gnash - i hate u, i love u ft. olivia o'brien (music video)-BiQIc7fG9pA.m4a' as it's not a positive integer
writeCommonTags: couldn't write 'track' tag to 'gnash - i hate u, i love u ft. olivia o'brien (music video)-BiQIc7fG9pA.m4a' as it's not a positive integer
writeCommonTags: couldn't write 'year' tag to 'Joyner Lucas - ADHD.m4a' as it's not a positive integer
writeCommonTags: couldn't write 'track' tag to 'Joyner Lucas - ADHD.m4a' as it's not a positive integer
writeCommonTags: couldn't write 'year' tag to 'Kendrick Lamar - DNA.m4a' as it's not a positive integer
writeCommonTags: couldn't write 'track' tag to 'Kendrick Lamar - DNA.m4a' as it's not a positive integer
writeCommonTags: couldn't write 'year' tag to 'Kendrick Lamar - HUMBLE.m4a' as it's not a positive integer
writeCommonTags: couldn't write 'track' tag to 'Kendrick Lamar - HUMBLE.m4a' as it's not a positive integer
writeCommonTags: couldn't write 'year' tag to 'Kendrick Lamar - LOYALTY. ft. Rihanna-Dlh-dzB2U4Y.m4a' as it's not a positive integer
writeCommonTags: couldn't write 'track' tag to 'Kendrick Lamar - LOYALTY. ft. Rihanna-Dlh-dzB2U4Y.m4a' as it's not a positive integer
writeCommonTags: couldn't write 'year' tag to 'Martin Garrix - Animals.m4a' as it's not a positive integer
writeCommonTags: couldn't write 'track' tag to 'Martin Garrix - Animals.m4a' as it's not a positive integer
writeCommonTags: couldn't write 'year' tag to 'Music for Work and Concentration, Focus Music, Binaural Beats, Study Music for Focus-zzk5ohWYtAU.m4a' as it's not a positive integer
writeCommonTags: couldn't write 'track' tag to 'Music for Work and Concentration, Focus Music, Binaural Beats, Study Music for Focus-zzk5ohWYtAU.m4a' as it's not a positive integer
writeCommonTags: couldn't write 'year' tag to 'Skrillex & Damian 'Jr. Gong' Marley - Make It Bun Dem [OFFICIAL VIDEO]-BGpzGu9Yp6Y.m4a' as it's not a positive integer
writeCommonTags: couldn't write 'track' tag to 'Skrillex & Damian 'Jr. Gong' Marley - Make It Bun Dem [OFFICIAL VIDEO]-BGpzGu9Yp6Y.m4a' as it's not a positive integer
writeCommonTags: couldn't write 'year' tag to 'TroyBoi - Do You.m4a' as it's not a positive integer
writeCommonTags: couldn't write 'track' tag to 'TroyBoi - Do You.m4a' as it's not a positive integer
writeCommonTags: couldn't write 'year' tag to 'Billie Eilish - Ocean Eyes.m4a' as it's not a positive integer
writeCommonTags: couldn't write 'track' tag to 'Billie Eilish - Ocean Eyes.m4a' as it's not a positive integer
writeCommonTags: couldn't write 'year' tag to 'blackbear - idfc.m4a' as it's not a positive integer
writeCommonTags: couldn't write 'track' tag to 'blackbear - idfc.m4a' as it's not a positive integer
writeCommonTags: couldn't write 'year' tag to 'gnash - i hate u, i love u ft. olivia o'brien (music video)-BiQIc7fG9pA.m4a' as it's not a positive integer
writeCommonTags: couldn't write 'track' tag to 'gnash - i hate u, i love u ft. olivia o'brien (music video)-BiQIc7fG9pA.m4a' as it's not a positive integer
writeCommonTags: couldn't write 'year' tag to 'Joyner Lucas - ADHD.m4a' as it's not a positive integer
writeCommonTags: couldn't write 'track' tag to 'Joyner Lucas - ADHD.m4a' as it's not a positive integer
writeCommonTags: couldn't write 'year' tag to 'Kendrick Lamar - DNA.m4a' as it's not a positive integer
writeCommonTags: couldn't write 'track' tag to 'Kendrick Lamar - DNA.m4a' as it's not a positive integer
writeCommonTags: couldn't write 'year' tag to 'Kendrick Lamar - HUMBLE.m4a' as it's not a positive integer
writeCommonTags: couldn't write 'track' tag to 'Kendrick Lamar - HUMBLE.m4a' as it's not a positive integer
writeCommonTags: couldn't write 'year' tag to 'Kendrick Lamar - LOYALTY. ft. Rihanna-Dlh-dzB2U4Y.m4a' as it's not a positive integer
writeCommonTags: couldn't write 'track' tag to 'Kendrick Lamar - LOYALTY. ft. Rihanna-Dlh-dzB2U4Y.m4a' as it's not a positive integer
writeCommonTags: couldn't write 'year' tag to 'Martin Garrix - Animals.m4a' as it's not a positive integer
writeCommonTags: couldn't write 'track' tag to 'Martin Garrix - Animals.m4a' as it's not a positive integer
writeCommonTags: couldn't write 'year' tag to 'Music for Work and Concentration, Focus Music, Binaural Beats, Study Music for Focus-zzk5ohWYtAU.m4a' as it's not a positive integer
writeCommonTags: couldn't write 'track' tag to 'Music for Work and Concentration, Focus Music, Binaural Beats, Study Music for Focus-zzk5ohWYtAU.m4a' as it's not a positive integer
writeCommonTags: couldn't write 'year' tag to 'Skrillex & Damian 'Jr. Gong' Marley - Make It Bun Dem [OFFICIAL VIDEO]-BGpzGu9Yp6Y.m4a' as it's not a positive integer
writeCommonTags: couldn't write 'track' tag to 'Skrillex & Damian 'Jr. Gong' Marley - Make It Bun Dem [OFFICIAL VIDEO]-BGpzGu9Yp6Y.m4a' as it's not a positive integer
writeCommonTags: couldn't write 'year' tag to 'TroyBoi - Do You.m4a' as it's not a positive integer
writeCommonTags: couldn't write 'track' tag to 'TroyBoi - Do You.m4a' as it's not a positive integer
writeCommonTags: couldn't write 'year' tag to 'gnash/i hate u, i love u ft. olivia o'brien.m4a' as it's not a positive integer
writeCommonTags: couldn't write 'track' tag to 'gnash/i hate u, i love u ft. olivia o'brien.m4a' as it's not a positive integer
writeCommonTags: couldn't write 'year' tag to 'Kendrick Lamar/DNA.m4a' as it's not a positive integer
writeCommonTags: couldn't write 'track' tag to 'Kendrick Lamar/DNA.m4a' as it's not a positive integer
writeCommonTags: couldn't write 'year' tag to 'Kendrick Lamar/HUMBLE.m4a' as it's not a positive integer
writeCommonTags: couldn't write 'track' tag to 'Kendrick Lamar/HUMBLE.m4a' as it's not a positive integer
writeCommonTags: couldn't write 'year' tag to 'Kendrick Lamar/LOYALTY ft. Rihanna.m4a' as it's not a positive integer
writeCommonTags: couldn't write 'track' tag to 'Kendrick Lamar/LOYALTY ft. Rihanna.m4a' as it's not a positive integer
writeCommonTags: couldn't write 'year' tag to 'Skrillex/Make It Bun Dem ft. Damian 'Jr. Gong' Marley.m4a' as it's not a positive integer
writeCommonTags: couldn't write 'track' tag to 'Skrillex/Make It Bun Dem ft. Damian 'Jr. Gong' Marley.m4a' as it's not a positive integer
writeCommonTags: couldn't write 'year' tag to 'gnash/i hate u, i love u (ft. olivia o'brien).m4a' as it's not a positive integer
writeCommonTags: couldn't write 'track' tag to 'gnash/i hate u, i love u (ft. olivia o'brien).m4a' as it's not a positive integer
writeCommonTags: couldn't write 'year' tag to 'Kendrick Lamar/DNA.m4a' as it's not a positive integer
writeCommonTags: couldn't write 'track' tag to 'Kendrick Lamar/DNA.m4a' as it's not a positive integer
writeCommonTags: couldn't write 'year' tag to 'Kendrick Lamar/HUMBLE.m4a' as it's not a positive integer
writeCommonTags: couldn't write 'track' tag to 'Kendrick Lamar/HUMBLE.m4a' as it's not a positive integer
writeCommonTags: couldn't write 'year' tag to 'Kendrick Lamar/LOYALTY (ft. Rihanna).m4a' as it's not a positive integer
writeCommonTags: couldn't write 'track' tag to 'Kendrick Lamar/LOYALTY (ft. Rihanna).m4a' as it's not a positive integer
writeCommonTags: couldn't write 'year' tag to 'Skrillex/Make It Bun Dem (w. Damian 'Jr. Gong' Marley).m4a' as it's not a positive integer
writeCommonTags: couldn't write 'track' tag to 'Skrillex/Make It Bun Dem (w. Damian 'Jr. Gong' Marley).m4a' as it's not a positive integer
writeCommonTags: couldn't write 'year' tag to 'Skrillex/Make It Bun Dem (w. Damian 'Jr. Gong' Marley).m4a' as it's not a positive integer
writeCommonTags: couldn't write 'track' tag to 'Skrillex/Make It Bun Dem (w. Damian 'Jr. Gong' Marley).m4a' as it's not a positive integer
